<?xml version="1.0" encoding="UTF-8"?>
<testng-results skipped="0" failed="0" total="1" passed="1">
  <reporter-output>
  </reporter-output>
  <suite name="Default suite" duration-ms="19483" started-at="2020-01-29T16:46:57Z" finished-at="2020-01-29T16:47:17Z">
    <groups>
    </groups>
    <test name="Default test" duration-ms="19483" started-at="2020-01-29T16:46:57Z" finished-at="2020-01-29T16:47:17Z">
      <class name="com.OrangeHRMFunctionality.OrangeLoginFunctionalityWithMultipleUsers">
        <test-method status="PASS" signature="setUp()[pri:0, instance:com.OrangeHRMFunctionality.OrangeLoginFunctionalityWithMultipleUsers@721e0f4f]" name="setUp" is-config="true" duration-ms="6833" started-at="2020-01-29T22:16:57Z" finished-at="2020-01-29T22:17:04Z">
          <reporter-output>
          </reporter-output>
        </test-method> <!-- setUp -->
        <test-method status="PASS" signature="OrangeLogin_MultipleUsers()[pri:0, instance:com.OrangeHRMFunctionality.OrangeLoginFunctionalityWithMultipleUsers@721e0f4f]" name="OrangeLogin_MultipleUsers" duration-ms="11828" started-at="2020-01-29T22:17:04Z" finished-at="2020-01-29T22:17:16Z">
          <reporter-output>
          </reporter-output>
        </test-method> <!-- OrangeLogin_MultipleUsers -->
        <test-method status="PASS" signature="tearDown()[pri:0, instance:com.OrangeHRMFunctionality.OrangeLoginFunctionalityWithMultipleUsers@721e0f4f]" name="tearDown" is-config="true" duration-ms="797" started-at="2020-01-29T22:17:16Z" finished-at="2020-01-29T22:17:17Z">
          <reporter-output>
          </reporter-output>
        </test-method> <!-- tearDown -->
      </class> <!-- com.OrangeHRMFunctionality.OrangeLoginFunctionalityWithMultipleUsers -->
    </test> <!-- Default test -->
  </suite> <!-- Default suite -->
</testng-results>
