<?xml version="1.0" encoding="UTF-8"?>
<!-- Generated by org.testng.reporters.JUnitXMLReporter -->
<testsuite hostname="DESKTOP-O03MONF" name="export_EmployeeId" tests="2" failures="0" timestamp="19 Jan 2020 11:56:50 GMT" time="136.389" errors="0">
  <testcase name="AddEmployee" time="4.205" classname="com.OrangeHRMFunctionality.OrangeHRM_AddEmployee"/>
  <testcase name="export_EmployeeId" time="125.333" classname="com.OrangeHRMFunctionality.OrangeHRM_AddEmployee"/>
</testsuite> <!-- export_EmployeeId -->
